Apr  4 14:42:20 PyChannel 2020-04-04 12:42:20,246 INFO     autoreload [/home/pi/Projects/PhoneBook/pbook/lib/python3.7/site-packages/django/utils/autoreload.py:598] django.utils.autoreload.run_with_reloader Watching for file changes with StatReloader
Apr  4 14:42:29 PyChannel 2020-04-04 12:42:29,202 INFO     views [/home/pi/Projects/PhoneBook/contactsapp/views.py:25] gclogger.index Home Page
Apr  4 14:42:29 PyChannel 2020-04-04 12:42:29,279 INFO     basehttp [/home/pi/Projects/PhoneBook/pbook/lib/python3.7/site-packages/django/core/servers/basehttp.py:157] django.server.log_message "GET /contacts/ HTTP/1.1" 200 7161
Apr  4 14:42:29 PyChannel 2020-04-04 12:42:29,413 WARNING  basehttp [/home/pi/Projects/PhoneBook/pbook/lib/python3.7/site-packages/django/core/servers/basehttp.py:157] django.server.log_message "GET /static/contactsapp/css/bootstrap-theme.min.css HTTP/1.1" 404 1747
Apr  4 14:42:29 PyChannel 2020-04-04 12:42:29,414 WARNING  basehttp [/home/pi/Projects/PhoneBook/pbook/lib/python3.7/site-packages/django/core/servers/basehttp.py:157] django.server.log_message "GET /static/contactsapp/css/bootstrap.min.css HTTP/1.1" 404 1729
Apr  4 14:42:29 PyChannel 2020-04-04 12:42:29,417 WARNING  basehttp [/home/pi/Projects/PhoneBook/pbook/lib/python3.7/site-packages/django/core/servers/basehttp.py:157] django.server.log_message "GET /static/contactsapp/css/main.css HTTP/1.1" 404 1702
Apr  4 14:42:32 PyChannel 2020-04-04 12:42:32,463 INFO     basehttp [/home/pi/Projects/PhoneBook/pbook/lib/python3.7/site-packages/django/core/servers/basehttp.py:157] django.server.log_message "GET /contacts/edit/4 HTTP/1.1" 301 0
Apr  4 14:42:32 PyChannel 2020-04-04 12:42:32,552 INFO     views [/home/pi/Projects/PhoneBook/contactsapp/views.py:40] gclogger.edit Edit contact
Apr  4 14:42:32 PyChannel 2020-04-04 12:42:32,562 INFO     basehttp [/home/pi/Projects/PhoneBook/pbook/lib/python3.7/site-packages/django/core/servers/basehttp.py:157] django.server.log_message "GET /contacts/edit/4/ HTTP/1.1" 200 2596
Apr  4 14:42:32 PyChannel 2020-04-04 12:42:32,622 WARNING  basehttp [/home/pi/Projects/PhoneBook/pbook/lib/python3.7/site-packages/django/core/servers/basehttp.py:157] django.server.log_message "GET /static/contactsapp/css/bootstrap.min.css HTTP/1.1" 404 1729
Apr  4 14:42:32 PyChannel 2020-04-04 12:42:32,652 WARNING  basehttp [/home/pi/Projects/PhoneBook/pbook/lib/python3.7/site-packages/django/core/servers/basehttp.py:157] django.server.log_message "GET /static/contactsapp/css/bootstrap-theme.min.css HTTP/1.1" 404 1747
Apr  4 14:42:32 PyChannel 2020-04-04 12:42:32,654 WARNING  basehttp [/home/pi/Projects/PhoneBook/pbook/lib/python3.7/site-packages/django/core/servers/basehttp.py:157] django.server.log_message "GET /static/contactsapp/css/main.css HTTP/1.1" 404 1702
Apr  4 14:42:40 PyChannel 2020-04-04 12:42:40,105 INFO     views [/home/pi/Projects/PhoneBook/contactsapp/views.py:51] gclogger.update Contact info is updated for Seema
Apr  4 14:42:40 PyChannel 2020-04-04 12:42:40,134 INFO     basehttp [/home/pi/Projects/PhoneBook/pbook/lib/python3.7/site-packages/django/core/servers/basehttp.py:157] django.server.log_message "POST /contacts/edit/update/4/ HTTP/1.1" 302 0
Apr  4 14:42:40 PyChannel 2020-04-04 12:42:40,224 INFO     basehttp [/home/pi/Projects/PhoneBook/pbook/lib/python3.7/site-packages/django/core/servers/basehttp.py:157] django.server.log_message "GET / HTTP/1.1" 302 0
Apr  4 14:42:40 PyChannel 2020-04-04 12:42:40,288 INFO     basehttp [/home/pi/Projects/PhoneBook/pbook/lib/python3.7/site-packages/django/core/servers/basehttp.py:157] django.server.log_message "GET /contacts HTTP/1.1" 301 0
Apr  4 14:42:40 PyChannel 2020-04-04 12:42:40,297 INFO     views [/home/pi/Projects/PhoneBook/contactsapp/views.py:25] gclogger.index Home Page
Apr  4 14:42:40 PyChannel 2020-04-04 12:42:40,315 INFO     basehttp [/home/pi/Projects/PhoneBook/pbook/lib/python3.7/site-packages/django/core/servers/basehttp.py:157] django.server.log_message "GET /contacts/ HTTP/1.1" 200 7168
Apr  4 14:42:40 PyChannel 2020-04-04 12:42:40,388 WARNING  basehttp [/home/pi/Projects/PhoneBook/pbook/lib/python3.7/site-packages/django/core/servers/basehttp.py:157] django.server.log_message "GET /static/contactsapp/css/bootstrap.min.css HTTP/1.1" 404 1729
Apr  4 14:42:40 PyChannel 2020-04-04 12:42:40,399 WARNING  basehttp [/home/pi/Projects/PhoneBook/pbook/lib/python3.7/site-packages/django/core/servers/basehttp.py:157] django.server.log_message "GET /static/contactsapp/css/bootstrap-theme.min.css HTTP/1.1" 404 1747
Apr  4 14:42:40 PyChannel 2020-04-04 12:42:40,401 WARNING  basehttp [/home/pi/Projects/PhoneBook/pbook/lib/python3.7/site-packages/django/core/servers/basehttp.py:157] django.server.log_message "GET /static/contactsapp/css/main.css HTTP/1.1" 404 1702
Apr  4 14:42:57 PyChannel 2020-04-04 12:42:57,918 WARNING  log [/home/pi/Projects/PhoneBook/pbook/lib/python3.7/site-packages/django/utils/log.py:228] django.request.log_response Not Found: /contacts/es
Apr  4 14:42:57 PyChannel 2020-04-04 12:42:57,919 WARNING  basehttp [/home/pi/Projects/PhoneBook/pbook/lib/python3.7/site-packages/django/core/servers/basehttp.py:157] django.server.log_message "GET /contacts/es HTTP/1.1" 404 3988
